<?xml version="1.0" encoding="UTF-8"?>
<testsuite xmlns:xsi="http://www.w3.org/2001/XMLSchema-instance" xsi:noNamespaceSchemaLocation="https://maven.apache.org/surefire/maven-surefire-plugin/xsd/surefire-test-report.xsd" version="3.0.2" name="org.example.springdemo1.SpringDemo1ApplicationTests" time="11.891" tests="1" errors="0" skipped="0" failures="0" flakes="0">
  <properties>
[...]
</properties>
  <testcase name="contextLoads" classname="org.example.springdemo1.SpringDemo1ApplicationTests" time="0.522">
    <system-out><![CDATA[14:40:14.582 [main] INFO org.springframework.test.context.support.AnnotationConfigContextLoaderUtils -- Could not detect default configuration classes for test class [org.example.springdemo1.SpringDemo1ApplicationTests]: SpringDemo1ApplicationTests does not declare any static, non-private, non-final, nested classes annotated with @Configuration.
14:40:14.730 [main] INFO org.springframework.boot.test.context.SpringBootTestContextBootstrapper -- Found @SpringBootConfiguration org.example.springdemo1.SpringDemo1Application for test class org.example.springdemo1.SpringDemo1ApplicationTests
14:40:14.863 [main] INFO org.springframework.test.context.support.AnnotationConfigContextLoaderUtils -- Could not detect default configuration classes for test class [org.example.springdemo1.SpringDemo1ApplicationTests]: SpringDemo1ApplicationTests does not declare any static, non-private, non-final, nested classes annotated with @Configuration.
14:40:14.865 [main] INFO org.springframework.boot.test.context.SpringBootTestContextBootstrapper -- Found @SpringBootConfiguration org.example.springdemo1.SpringDemo1Application for test class org.example.springdemo1.SpringDemo1ApplicationTests

  .   ____          _            __ _ _
 /\\ / ___'_ __ _ _(_)_ __  __ _ \ \ \ \
( ( )\___ | '_ | '_| | '_ \/ _` | \ \ \ \
 \\/  ___)| |_)| | | | | || (_| |  ) ) ) )
  '  |____| .__|_| |_|_| |_\__, | / / / /
 =========|_|==============|___/=/_/_/_/

 :: Spring Boot ::                (v4.1.0)

2026-08-10T14:40:15.325+05:00  INFO 29588 --- [SpringDemo1] [           main] o.e.s.SpringDemo1ApplicationTests        : Starting SpringDemo1ApplicationTests using Java 26.0.2 with PID 29588 (started by npraj in C:\Users\npraj\IdeaProjects\SpringDemo1)
2026-08-10T14:40:15.328+05:00  INFO 29588 --- [SpringDemo1] [           main] o.e.s.SpringDemo1ApplicationTests        : No active profile set, falling back to 1 default profile: "default"
2026-08-10T14:40:16.216+05:00  INFO 29588 --- [SpringDemo1] [           main] .s.d.r.c.RepositoryConfigurationDelegate : Bootstrapping Spring Data JPA repositories in DEFAULT mode.
2026-08-10T14:40:16.293+05:00  INFO 29588 --- [SpringDemo1] [           main] .s.d.r.c.RepositoryConfigurationDelegate : Finished Spring Data repository scanning in 64 ms. Found 1 JPA repository interface.
2026-08-10T14:40:16.805+05:00  INFO 29588 --- [SpringDemo1] [           main] org.hibernate.orm.jpa                    : HHH008540: Processing PersistenceUnitInfo [name: default]
2026-08-10T14:40:16.887+05:00  INFO 29588 --- [SpringDemo1] [           main] org.hibernate.orm.core                   : HHH000001: Hibernate ORM core version 7.4.1.Final
2026-08-10T14:40:17.599+05:00  INFO 29588 --- [SpringDemo1] [           main] o.s.o.j.p.SpringPersistenceUnitInfo      : No LoadTimeWeaver setup: ignoring JPA class transformer
2026-08-10T14:40:17.643+05:00  INFO 29588 --- [SpringDemo1] [           main] com.zaxxer.hikari.HikariDataSource       : HikariPool-1 - Starting...
2026-08-10T14:40:17.917+05:00  INFO 29588 --- [SpringDemo1] [           main] com.zaxxer.hikari.pool.HikariPool        : HikariPool-1 - Added connection org.postgresql.jdbc.PgConnection@18ac4af6
2026-08-10T14:40:17.919+05:00  INFO 29588 --- [SpringDemo1] [           main] com.zaxxer.hikari.HikariDataSource       : HikariPool-1 - Start completed.
2026-08-10T14:40:17.962+05:00  WARN 29588 --- [SpringDemo1] [           main] org.hibernate.orm.deprecation            : HHH90000025: PostgreSQLDialect does not need to be specified explicitly using 'hibernate.dialect' (remove the property setting and it will be selected by default)
2026-08-10T14:40:17.996+05:00  INFO 29588 --- [SpringDemo1] [           main] org.hibernate.orm.connections.pooling    : HHH10001005: Database info:
	Database JDBC URL [jdbc:postgresql://localhost:5432/postgres]
	Database driver: PostgreSQL JDBC Driver
	Database dialect: PostgreSQLDialect
	Database version: 18.4
	Default catalog/schema: postgres/public
	Autocommit mode: undefined/unknown
	Isolation level: READ_COMMITTED [default READ_COMMITTED]
	JDBC fetch size: none
	Pool: DataSourceConnectionProvider
	Minimum pool size: undefined/unknown
	Maximum pool size: undefined/unknown
2026-08-10T14:40:24.672+05:00  INFO 29588 --- [SpringDemo1] [           main] org.hibernate.orm.core                   : HHH000489: No JTA platform available (set 'hibernate.transaction.jta.platform' to enable JTA platform integration)
2026-08-10T14:40:24.765+05:00  INFO 29588 --- [SpringDemo1] [           main] j.LocalContainerEntityManagerFactoryBean : Initialized JPA EntityManagerFactory for persistence unit 'default'
2026-08-10T14:40:24.906+05:00  INFO 29588 --- [SpringDemo1] [           main] o.s.d.j.r.query.QueryEnhancerFactories   : Hibernate is in classpath; If applicable, HQL parser will be used.
2026-08-10T14:40:25.113+05:00  WARN 29588 --- [SpringDemo1] [           main] JpaBaseConfiguration$JpaWebConfiguration : spring.jpa.open-in-view is enabled by default. Therefore, database queries may be performed during view rendering. Explicitly configure spring.jpa.open-in-view to disable this warning
2026-08-10T14:40:25.640+05:00  INFO 29588 --- [SpringDemo1] [           main] o.e.s.SpringDemo1ApplicationTests        : Started SpringDemo1ApplicationTests in 10.666 seconds (process running for 12.389)
]]></system-out>
    <system-err><![CDATA[Mockito is currently self-attaching to enable the inline-mock-maker. This will no longer work in future releases of the JDK. Please add Mockito as an agent to your build as described in Mockito's documentation: https://javadoc.io/doc/org.mockito/mockito-core/latest/org.mockito/org/mockito/Mockito.html#0.3
WARNING: A Java agent has been loaded dynamically (C:\Users\npraj\.m2\repository\net\bytebuddy\byte-buddy-agent\1.18.10\byte-buddy-agent-1.18.10.jar)
WARNING: If a serviceability tool is in use, please run with -XX:+EnableDynamicAgentLoading to hide this warning
WARNING: If a serviceability tool is not in use, please run with -Djdk.instrument.traceUsage for more information
WARNING: Dynamic loading of agents will be disallowed by default in a future release
]]></system-err>
  </testcase>
</testsuite>